This is pdfTeX, Version 3.1415926-2.3-1.40.12 (MiKTeX 2.9) (preloaded format=pdflatex 2012.12.13)  20 DEC 2012 13:09
entering extended mode
**Oscillations-n-Waves.tex
(E:\Oscillations-n-Waves\Oscillations-n-Waves.tex
LaTeX2e <2011/06/27>
Babel <v3.8m> and hyphenation patterns for english, afrikaans, ancientgreek, ar
abic, armenian, assamese, basque, bengali, bokmal, bulgarian, catalan, coptic, 
croatian, czech, danish, dutch, esperanto, estonian, farsi, finnish, french, ga
lician, german, german-x-2009-06-19, greek, gujarati, hindi, hungarian, iceland
ic, indonesian, interlingua, irish, italian, kannada, kurmanji, lao, latin, lat
vian, lithuanian, malayalam, marathi, mongolian, mongolianlmc, monogreek, ngerm
an, ngerman-x-2009-06-19, nynorsk, oriya, panjabi, pinyin, polish, portuguese, 
romanian, russian, sanskrit, serbian, slovak, slovenian, spanish, swedish, swis
sgerman, tamil, telugu, turkish, turkmen, ukenglish, ukrainian, uppersorbian, u
senglishmax, welsh, loaded.
("C:\Program Files\MiKTeX 2.9\tex\latex\base\report.cls"
Document Class: report 2007/10/19 v1.4h Standard LaTeX document class
("C:\Program Files\MiKTeX 2.9\tex\latex\base\size12.clo"
File: size12.clo 2007/10/19 v1.4h Standard LaTeX file (size option)
)
\c@part=\count79
\c@chapter=\count80
\c@section=\count81
\c@subsection=\count82
\c@subsubsection=\count83
\c@paragraph=\count84
\c@subparagraph=\count85
\c@figure=\count86
\c@table=\count87
\abovecaptionskip=\skip41
\belowcaptionskip=\skip42
\bibindent=\dimen102
)
("C:\Program Files\MiKTeX 2.9\tex\latex\graphics\graphicx.sty"
Package: graphicx 1999/02/16 v1.0f Enhanced LaTeX Graphics (DPC,SPQR)

("C:\Program Files\MiKTeX 2.9\tex\latex\graphics\keyval.sty"
Package: keyval 1999/03/16 v1.13 key=value parser (DPC)
\KV@toks@=\toks14
)
("C:\Program Files\MiKTeX 2.9\tex\latex\graphics\graphics.sty"
Package: graphics 2009/02/05 v1.0o Standard LaTeX Graphics (DPC,SPQR)

("C:\Program Files\MiKTeX 2.9\tex\latex\graphics\trig.sty"
Package: trig 1999/03/16 v1.09 sin cos tan (DPC)
)
("C:\Program Files\MiKTeX 2.9\tex\latex\00miktex\graphics.cfg"
File: graphics.cfg 2007/01/18 v1.5 graphics configuration of teTeX/TeXLive
)
Package graphics Info: Driver file: pdftex.def on input line 91.

("C:\Program Files\MiKTeX 2.9\tex\latex\pdftex-def\pdftex.def"
File: pdftex.def 2011/05/27 v0.06d Graphics/color for pdfTeX

("C:\Program Files\MiKTeX 2.9\tex\generic\oberdiek\infwarerr.sty"
Package: infwarerr 2010/04/08 v1.3 Providing info/warning/error messages (HO)
)
("C:\Program Files\MiKTeX 2.9\tex\generic\oberdiek\ltxcmds.sty"
Package: ltxcmds 2011/11/09 v1.22 LaTeX kernel commands for general use (HO)
)
\Gread@gobject=\count88
))
\Gin@req@height=\dimen103
\Gin@req@width=\dimen104
)
(E:\Oscillations-n-Waves\Oscillations-n-Waves.aux)
LaTeX Font Info:    Checking defaults for OML/cmm/m/it on input line 44.
LaTeX Font Info:    ... okay on input line 44.
LaTeX Font Info:    Checking defaults for T1/cmr/m/n on input line 44.
LaTeX Font Info:    ... okay on input line 44.
LaTeX Font Info:    Checking defaults for OT1/cmr/m/n on input line 44.
LaTeX Font Info:    ... okay on input line 44.
LaTeX Font Info:    Checking defaults for OMS/cmsy/m/n on input line 44.
LaTeX Font Info:    ... okay on input line 44.
LaTeX Font Info:    Checking defaults for OMX/cmex/m/n on input line 44.
LaTeX Font Info:    ... okay on input line 44.
LaTeX Font Info:    Checking defaults for U/cmr/m/n on input line 44.
LaTeX Font Info:    ... okay on input line 44.

("C:\Program Files\MiKTeX 2.9\tex\context\base\supp-pdf.mkii"
[Loading MPS to PDF converter (version 2006.09.02).]
\scratchcounter=\count89
\scratchdimen=\dimen105
\scratchbox=\box26
\nofMPsegments=\count90
\nofMParguments=\count91
\everyMPshowfont=\toks15
\MPscratchCnt=\count92
\MPscratchDim=\dimen106
\MPnumerator=\count93
\makeMPintoPDFobject=\count94
\everyMPtoPDFconversion=\toks16
)
Underfull \hbox (badness 10000) in paragraph at lines 45--45

 []

LaTeX Font Info:    External font `cmex10' loaded for size
(Font)              <12> on input line 46.
LaTeX Font Info:    External font `cmex10' loaded for size
(Font)              <8> on input line 46.
LaTeX Font Info:    External font `cmex10' loaded for size
(Font)              <6> on input line 46.
LaTeX Font Info:    Try loading font information for OMS+cmr on input line 48.
("C:\Program Files\MiKTeX 2.9\tex\latex\base\omscmr.fd"
File: omscmr.fd 1999/05/25 v2.5h Standard LaTeX font definitions
)
LaTeX Font Info:    Font shape `OMS/cmr/m/n' in size <12> not available
(Font)              Font shape `OMS/cmsy/m/n' tried instead on input line 48.

<figures/1Dec2.pdf, id=1, 143.53625pt x 149.55875pt>
File: figures/1Dec2.pdf Graphic file (type pdf)
 <use figures/1Dec2.pdf>
Package pdftex.def Info: figures/1Dec2.pdf used on input line 68.
(pdftex.def)             Requested size: 200.94936pt x 209.38081pt.

<figures/1Dec1.pdf, id=2, 141.52875pt x 151.56625pt>
File: figures/1Dec1.pdf Graphic file (type pdf)
 <use figures/1Dec1.pdf>
Package pdftex.def Info: figures/1Dec1.pdf used on input line 69.
(pdftex.def)             Requested size: 198.13889pt x 212.19128pt.

Underfull \hbox (badness 10000) in paragraph at lines 71--72
[]\OT1/cmr/m/n/12 In gen-eral, a
 []


Underfull \hbox (badness 5711) in paragraph at lines 71--72
\OT1/cmr/m/n/12 sim-ple har-monic
 []


Underfull \hbox (badness 1776) in paragraph at lines 71--72
\OT1/cmr/m/n/12 pro-jec-tion of an
 []


Underfull \hbox (badness 10000) in paragraph at lines 71--72
\OT1/cmr/m/n/12 uni-form cir-cu-lar
 []


Underfull \hbox (badness 7273) in paragraph at lines 71--72
\OT1/cmr/m/n/12 straight line in
 []


Overfull \hbox (2.229pt too wide) in paragraph at lines 61--74
[] 
 []

[1

{C:/ProgramData/MiKTeX/2.9/pdftex/config/pdftex.map}]
<figures/13Dec1.pdf, id=15, 161.60374pt x 53.19875pt>
File: figures/13Dec1.pdf Graphic file (type pdf)
 <use figures/13Dec1.pdf>
Package pdftex.def Info: figures/13Dec1.pdf used on input line 86.
(pdftex.def)             Requested size: 161.60335pt x 53.19861pt.

Overfull \hbox (23.99998pt too wide) in paragraph at lines 84--89
[] 
 []

[2 <E:/Oscillations-n-Waves/figures/1Dec2.pdf> <E:/Oscillations-n-Waves/figures
/1Dec1.pdf> <E:/Oscillations-n-Waves/figures/13Dec1.pdf>]
<figures/13Dec2.pdf, id=41, 40.15pt x 115.43124pt>
File: figures/13Dec2.pdf Graphic file (type pdf)
 <use figures/13Dec2.pdf>
Package pdftex.def Info: figures/13Dec2.pdf used on input line 91.
(pdftex.def)             Requested size: 57.71667pt x 150.01126pt.

Overfull \hbox (23.99998pt too wide) in paragraph at lines 89--93
[] 
 []

<figures/13Dec3.pdf, id=42, 113.42375pt x 204.765pt>
File: figures/13Dec3.pdf Graphic file (type pdf)
 <use figures/13Dec3.pdf>
Package pdftex.def Info: figures/13Dec3.pdf used on input line 97.
(pdftex.def)             Requested size: 68.21053pt x 136.00764pt.

Overfull \hbox (5.25153pt too wide) in paragraph at lines 97--98
[][]| 
 []


Overfull \hbox (8.26022pt too wide) in paragraph at lines 95--100
[] 
 []

<figures/14Dec1.pdf, id=43, 68.255pt x 110.4125pt>
File: figures/14Dec1.pdf Graphic file (type pdf)
 <use figures/14Dec1.pdf>
Package pdftex.def Info: figures/14Dec1.pdf used on input line 103.
(pdftex.def)             Requested size: 58.01701pt x 93.85104pt.

Overfull \hbox (3.0083pt too wide) in paragraph at lines 100--106
[] 
 []

<figures/14Dec2.pdf, id=44, 76.285pt x 125.46875pt>
File: figures/14Dec2.pdf Graphic file (type pdf)
 <use figures/14Dec2.pdf>
Package pdftex.def Info: figures/14Dec2.pdf used on input line 110.
(pdftex.def)             Requested size: 83.91374pt x 138.01604pt.

Overfull \hbox (34.49583pt too wide) in paragraph at lines 106--113
[] 
 []


Overfull \hbox (6.73299pt too wide) in paragraph at lines 106--113
\OT1/cmr/m/n/12 Again, if the an-gu-lar dis-place-ments are small, so the ap-pr
ox-i-ma-tion $[] \OML/cmm/m/it/12 \OT1/cmr/m/n/12 (\OML/cmm/m/it/12 t\OT1/cmr/
m/n/12 ) \OMS/cmsy/m/n/12  \OML/cmm/m/it/12 \OT1/cmr/m/n/12 (\OML/cmm/m/it/12
 t\OT1/cmr/m/n/12 )$ holds, and $\OML/cmm/m/it/12 d[]\OT1/cmr/m/n/12 (\OML/cmm
/m/it/12 t\OT1/cmr/m/n/12 )\OML/cmm/m/it/12 =dt[] \OT1/cmr/m/n/12 +$
 []

[3 <E:/Oscillations-n-Waves/figures/13Dec2.pdf> <E:/Oscillations-n-Waves/figure
s/13Dec3.pdf> <E:/Oscillations-n-Waves/figures/14Dec1.pdf> <E:/Oscillations-n-W
aves/figures/14Dec2.pdf>]
<figures/15Dec1.pdf, id=87, 290.08376pt x 150.5625pt>
File: figures/15Dec1.pdf Graphic file (type pdf)
 <use figures/15Dec1.pdf>
Package pdftex.def Info: figures/15Dec1.pdf used on input line 118.
(pdftex.def)             Requested size: 290.08304pt x 150.56212pt.

<figures/16Dec1.pdf, id=88, 29.10875pt x 129.48375pt>
File: figures/16Dec1.pdf Graphic file (type pdf)
 <use figures/16Dec1.pdf>
Package pdftex.def Info: figures/16Dec1.pdf used on input line 120.
(pdftex.def)             Requested size: 29.10867pt x 129.48341pt.

Overfull \hbox (3.65723pt too wide) in paragraph at lines 116--122
[] 
 []


Underfull \hbox (badness 10000) in paragraph at lines 116--122

 []

[4 <E:/Oscillations-n-Waves/figures/15Dec1.pdf> <E:/Oscillations-n-Waves/figure
s/16Dec1.pdf>] (E:\Oscillations-n-Waves\Oscillations-n-Waves.aux) ) 
Here is how much of TeX's memory you used:
 1208 strings out of 494045
 16172 string characters out of 3148380
 75393 words of memory out of 3000000
 4532 multiletter control sequences out of 15000+200000
 6990 words of font info for 25 fonts, out of 3000000 for 9000
 715 hyphenation exceptions out of 8191
 27i,14n,25p,1656b,323s stack positions out of 5000i,500n,10000p,200000b,50000s
<C:/Program 
Files/MiKTeX 2.9/fonts/type1/public/amsfonts/cm/cmbx12.pfb><C:/Program Files/Mi
KTeX 2.9/fonts/type1/public/amsfonts/cm/cmex10.pfb><C:/Program Files/MiKTeX 2.9
/fonts/type1/public/amsfonts/cm/cmmi12.pfb><C:/Program Files/MiKTeX 2.9/fonts/t
ype1/public/amsfonts/cm/cmmi8.pfb><C:/Program Files/MiKTeX 2.9/fonts/type1/publ
ic/amsfonts/cm/cmr12.pfb><C:/Program Files/MiKTeX 2.9/fonts/type1/public/amsfon
ts/cm/cmr8.pfb><C:/Program Files/MiKTeX 2.9/fonts/type1/public/amsfonts/cm/cmsy
10.pfb><C:/Program Files/MiKTeX 2.9/fonts/type1/public/amsfonts/cm/cmsy8.pfb>
Output written on Oscillations-n-Waves.pdf (4 pages, 194505 bytes).
PDF statistics:
 131 PDF objects out of 1000 (max. 8388607)
 0 named destinations out of 1000 (max. 500000)
 46 words of extra memory for PDF output out of 10000 (max. 10000000)

